<?xml version="1.0" encoding="UTF-8"?>
<!-- Generated by org.testng.reporters.JUnitReportReporter -->
<testsuite hostname="DESKTOP-9HPPM6P" failures="0" tests="1" name="com.homepage.HomePage" time="38.349" errors="0" timestamp="2022-01-24T14:42:15 IST" skipped="0">
  <testcase classname="com.homepage.HomePage" name="toNavigateFromShoopingPageToHomePage" time="38.349"/>
  <system-out/>
</testsuite> <!-- com.homepage.HomePage -->
