<?xml version="1.0" encoding="UTF-8"?>
<!-- Generated by org.testng.reporters.JUnitReportReporter -->
<testsuite hostname="DESKTOP-9HPPM6P" failures="0" tests="1" name="com.ijmeet.homepage.JoinMeeting" time="21.194" errors="0" timestamp="2022-01-24T17:01:47 IST" skipped="0">
  <testcase classname="com.ijmeet.homepage.JoinMeeting" name="verifyOnClickOnJoinMeetingUserLandsOnQuickJoinMeeting" time="21.194"/>
  <system-out/>
</testsuite> <!-- com.ijmeet.homepage.JoinMeeting -->
